libtool: compile:  gcc -I. -I/home/jon/Code/container-zephir/container/ext -DPHP_ATOM_INC -I/home/jon/Code/container-zephir/container/ext/include -I/home/jon/Code/container-zephir/container/ext/main -I/home/jon/Code/container-zephir/container/ext -I/usr/include/php/20160303 -I/usr/include/php/20160303/main -I/usr/include/php/20160303/TSRM -I/usr/include/php/20160303/Zend -I/usr/include/php/20160303/ext -I/usr/include/php/20160303/ext/date/lib -DHAVE_CONFIG_H -O2 -fvisibility=hidden -Wparentheses -flto -DZEPHIR_RELEASE=1 -c /home/jon/Code/container-zephir/container/ext/container/container.zep.c  -fPIC -DPIC -o container/.libs/container.o
libtool: link: rm -fr  .libs/container.la .libs/container.lai .libs/container.so
libtool: link: gcc -shared  -fPIC -DPIC  .libs/container.o kernel/.libs/main.o kernel/.libs/memory.o kernel/.libs/exception.o kernel/.libs/hash.o kernel/.libs/debug.o kernel/.libs/backtrace.o kernel/.libs/object.o kernel/.libs/array.o kernel/extended/.libs/array.o kernel/.libs/string.o kernel/.libs/fcall.o kernel/extended/.libs/fcall.o kernel/.libs/require.o kernel/.libs/file.o kernel/.libs/operators.o kernel/.libs/math.o kernel/.libs/concat.o kernel/.libs/variables.o kernel/.libs/filter.o kernel/.libs/iterator.o kernel/.libs/time.o kernel/.libs/exit.o container/.libs/container.o    -O2 -flto   -Wl,-soname -Wl,container.so -o .libs/container.so
libtool: link: ( cd ".libs" && rm -f "container.la" && ln -s "../container.la" "container.la" )
libtool: install: cp ./.libs/container.so /home/jon/Code/container-zephir/container/ext/modules/container.so
libtool: install: cp ./.libs/container.lai /home/jon/Code/container-zephir/container/ext/modules/container.la
libtool: finish: PATH="/home/jon/bin:/home/jon/.local/bin:/usr/local/sbin:/usr/local/bin:/usr/sbin:/usr/bin:/sbin:/bin:/usr/games:/usr/local/games:/snap/bin:/home/jon/.composer/vendor/bin:/sbin" ldconfig -n /home/jon/Code/container-zephir/container/ext/modules
----------------------------------------------------------------------
Libraries have been installed in:
   /home/jon/Code/container-zephir/container/ext/modules

If you ever happen to want to link against installed libraries
in a given directory, LIBDIR, you must either use libtool, and
specify the full pathname of the library, or use the '-LLIBDIR'
flag during linking and do at least one of the following:
   - add LIBDIR to the 'LD_LIBRARY_PATH' environment variable
     during execution
   - add LIBDIR to the 'LD_RUN_PATH' environment variable
     during linking
   - use the '-Wl,-rpath -Wl,LIBDIR' linker flag
   - have your system administrator add LIBDIR to '/etc/ld.so.conf'

See any operating system documentation about shared libraries for
more information, such as the ld(1) and ld.so(8) manual pages.
----------------------------------------------------------------------

Build complete.
Don't forget to run 'make test'.

Installing shared extensions:     /usr/lib/php/20160303/
Installing header files:           /usr/include/php/20160303/
